#isPrePreTerminal result:
00 : 38371
{00=38371, 11=0, 01=0, 10=0}
(2 (2 The) (2 Rock))
(2 (2 Century) (2 's))
(2 (2 ``) (2 Conan))
(3 (2 a) (3 splash))
(2 (2 even) (3 greater))
(1 (2 Arnold) (2 Schwarzenegger))
(2 (2 Van) (2 Damme))
(2 (2 Steven) (2 Segal))
(3 (2 elaborate) (2 continuation))
(2 (2 of) (2 ``))

#TreeDepthDistribution
2 : 40
3 : 113
4 : 215
5 : 326
6 : 386
7 : 561
8 : 740
9 : 833
10 : 960
11 : 885
12 : 825
13 : 710
14 : 542
15 : 431
16 : 335
17 : 211
18 : 156
19 : 98
20 : 68
21 : 49
22 : 18
23 : 18
24 : 8
25 : 9
26 : 2
27 : 3
28 : 1
30 : 1

#LabelDistribution
000 : 84
001 : 170
002 : 859
003 : 40
004 : 2
010 : 193
011 : 432
012 : 991
013 : 61
014 : 7
020 : 1554
021 : 1754
022 : 674
023 : 56
024 : 11
030 : 72
031 : 106
032 : 34
033 : 2
040 : 3
041 : 6
042 : 4
100 : 29
101 : 116
102 : 922
103 : 63
104 : 2
110 : 151
111 : 943
112 : 4414
113 : 354
114 : 47
120 : 1725
121 : 7928
122 : 8020
123 : 718
124 : 50
130 : 94
131 : 456
132 : 421
133 : 24
134 : 1
140 : 10
141 : 43
142 : 33
143 : 3
200 : 4
201 : 25
202 : 241
203 : 24
204 : 3
210 : 48
211 : 347
212 : 3495
213 : 334
214 : 51
220 : 424
221 : 5669
222 : 55129
223 : 7248
224 : 467
230 : 54
231 : 484
232 : 4426
233 : 434
234 : 23
240 : 9
241 : 61
242 : 341
243 : 29
244 : 3
301 : 2
302 : 19
303 : 15
304 : 7
310 : 7
311 : 29
312 : 340
313 : 307
314 : 87
320 : 31
321 : 501
322 : 8977
323 : 9788
324 : 2402
330 : 16
331 : 240
332 : 5973
333 : 1500
334 : 297
340 : 5
341 : 54
342 : 1717
343 : 323
344 : 33
401 : 1
403 : 3
404 : 3
412 : 17
413 : 45
414 : 23
420 : 1
421 : 14
422 : 427
423 : 2232
424 : 2098
430 : 5
431 : 19
432 : 1383
433 : 742
434 : 367
441 : 21
442 : 1409
443 : 354
444 : 130

Root-level F1 metric
1k,0.2314,0.35254,0.25138,0.349,0.23568
2.5k,0.29178,0.38141,0.27488,0.37893,0.23577
5k,0.28407,0.46208,0.26005,0.34104,0.41761
7.5k,0.30018,0.44498,0.26768,0.39597,0.47361
Retrained,0.21995,0.47268,0.23568,0.42097,0.40258
Socher,0.2372,0.55202,0.27609,0.47273,0.35971
Noise,0.27191,0.43964,0.27676,0.42034,0.33159
Logistic,0,0.36424,0.24173,0.41748,0.01937
Simplified,0.25,0.36842,0.21649,0.31915,0.3871

Node-level F1 metric
1k,0.26815,0.40843,0.86794,0.48078,0.36693
2.5k,0.30956,0.48229,0.87883,0.54557,0.44539
5k,0.34866,0.53136,0.88421,0.56685,0.50482
7.5k,0.36404,0.54547,0.89198,0.58453,0.52103
Retrained,0.35161,0.55753,0.89683,0.58206,0.49203
Socher,0.25584,0.57595,0.90421,0.62022,0.46321
Noise,0.22631,0.47486,0.84834,0.52976,0.33977
Logistic,0.23828,0.42325,0.87203,0.53377,0.31469
Simplified,0.47619,0.64769,0.3531,0.7555,0.64195

Accuracy metric
1k,0.403800,0.588748,0.508790,0.482456,0.614961,0.548600
2.5k,0.574536,0.598823,0.588323,0.699561,0.531353,0.615596
5k,0.622126,0.720806,0.678144,0.706140,0.662266,0.684239
7.5k,0.633579,0.713639,0.679027,0.656798,0.728273,0.692477
Retrained,0.631981,0.734397,0.690120,0.690789,0.741474,0.716090
Socher,0.646009,0.732504,0.695110,0.797149,0.774477,0.785832
Noise,0.618574,0.658936,0.641486,0.701754,0.671067,0.686436
Logistic,0.344757,0.625938,0.504376,0.376096,0.704070,0.539813
Simplified,0.657524,0.862967,0.783816,0.585714,0.574297,0.579521

Prior Information:
---,1
--0,1
--+,1
-0-,1
-00,2
-0+,2
-+-,1
-+0,2
-++,3
0--,1
0-0,2
0-+,2
00-,2
000,2
00+,2
0+-,2
0+0,2
0++,3
+--,0
+-0,2
+-+,3
+0-,2
+00,2
+0+,3
++-,3
++0,3
+++,3